[debug] [2023-11-10T09:28:02.980Z] ----------------------------------------------------------------------
[debug] [2023-11-10T09:28:02.983Z] Command:       C:\Program Files\nodejs\node.exe C:\Users\Afsar Ali Hossain\AppData\Roaming\npm\node_modules\firebase-tools\lib\bin\firebase.js init
[debug] [2023-11-10T09:28:02.983Z] CLI Version:   12.8.1
[debug] [2023-11-10T09:28:02.984Z] Platform:      win32
[debug] [2023-11-10T09:28:02.984Z] Node Version:  v18.4.0
[debug] [2023-11-10T09:28:02.985Z] Time:          Fri Nov 10 2023 15:28:02 GMT+0600 (Bangladesh Standard Time)
[debug] [2023-11-10T09:28:02.985Z] ----------------------------------------------------------------------
[debug] 
[debug] [2023-11-10T09:28:03.077Z] > command requires scopes: ["email","openid","https://www.googleapis.com/auth/cloudplatformprojects.readonly","https://www.googleapis.com/auth/firebase","https://www.googleapis.com/auth/cloud-platform"]
[debug] [2023-11-10T09:28:03.077Z] > authorizing via signed-in user (alisainofficial71@gmail.com)
[info] 
     ######## #### ########  ######## ########     ###     ######  ########
     ##        ##  ##     ## ##       ##     ##  ##   ##  ##       ##
     ######    ##  ########  ######   ########  #########  ######  ######
     ##        ##  ##    ##  ##       ##     ## ##     ##       ## ##
     ##       #### ##     ## ######## ########  ##     ##  ######  ########

You're about to initialize a Firebase project in this directory:

  H:\web project\projects\Assignment 12\speed-trump-update

Before we get started, keep in mind:

  * You are initializing within an existing Firebase project directory

[info] 
=== Project Setup
[info] 
[info] First, let's associate this project directory with a Firebase project.
[info] You can create multiple project aliases by running firebase use --add, 
[info] but for now we'll just set up a default project.
[info] 
[debug] [2023-11-10T09:31:04.209Z] >>> [apiv2][query] GET https://firebase.googleapis.com/v1beta1/projects pageSize=100
[debug] [2023-11-10T09:31:05.381Z] <<< [apiv2][status] GET https://firebase.googleapis.com/v1beta1/projects 200
[debug] [2023-11-10T09:31:05.382Z] <<< [apiv2][body] GET https://firebase.googleapis.com/v1beta1/projects [omitted]
[info] i  Using project speed-trump (Speed Trump) 
[info] 
=== Database Setup
[info] i  database: ensuring required API firebasedatabase.googleapis.com is enabled... 
[debug] [2023-11-10T09:31:10.886Z] >>> [apiv2][query] GET https://serviceusage.googleapis.com/v1/projects/speed-trump/services/firebasedatabase.googleapis.com [none]
[debug] [2023-11-10T09:31:10.886Z] >>> [apiv2][(partial)header] GET https://serviceusage.googleapis.com/v1/projects/speed-trump/services/firebasedatabase.googleapis.com x-goog-quota-user=projects/speed-trump
[debug] [2023-11-10T09:31:12.602Z] <<< [apiv2][status] GET https://serviceusage.googleapis.com/v1/projects/speed-trump/services/firebasedatabase.googleapis.com 200
[debug] [2023-11-10T09:31:12.602Z] <<< [apiv2][body] GET https://serviceusage.googleapis.com/v1/projects/speed-trump/services/firebasedatabase.googleapis.com [omitted]
[warn] !  database: missing required API firebasedatabase.googleapis.com. Enabling now... 
[debug] [2023-11-10T09:31:12.607Z] >>> [apiv2][query] POST https://serviceusage.googleapis.com/v1/projects/speed-trump/services/firebasedatabase.googleapis.com:enable [none]
[debug] [2023-11-10T09:31:12.607Z] >>> [apiv2][(partial)header] POST https://serviceusage.googleapis.com/v1/projects/speed-trump/services/firebasedatabase.googleapis.com:enable x-goog-quota-user=projects/speed-trump
[debug] [2023-11-10T09:31:14.564Z] <<< [apiv2][status] POST https://serviceusage.googleapis.com/v1/projects/speed-trump/services/firebasedatabase.googleapis.com:enable 200
[debug] [2023-11-10T09:31:14.564Z] <<< [apiv2][body] POST https://serviceusage.googleapis.com/v1/projects/speed-trump/services/firebasedatabase.googleapis.com:enable [omitted]
[debug] [2023-11-10T09:31:24.580Z] >>> [apiv2][query] GET https://serviceusage.googleapis.com/v1/projects/speed-trump/services/firebasedatabase.googleapis.com [none]
[debug] [2023-11-10T09:31:24.581Z] >>> [apiv2][(partial)header] GET https://serviceusage.googleapis.com/v1/projects/speed-trump/services/firebasedatabase.googleapis.com x-goog-quota-user=projects/speed-trump
[debug] [2023-11-10T09:31:26.247Z] <<< [apiv2][status] GET https://serviceusage.googleapis.com/v1/projects/speed-trump/services/firebasedatabase.googleapis.com 200
[debug] [2023-11-10T09:31:26.247Z] <<< [apiv2][body] GET https://serviceusage.googleapis.com/v1/projects/speed-trump/services/firebasedatabase.googleapis.com [omitted]
[info] +  database: required API firebasedatabase.googleapis.com is enabled 
[info] 
[debug] [2023-11-10T09:31:26.267Z] >>> [apiv2][query] GET https://firebase.googleapis.com/v1beta1/projects/speed-trump [none]
[debug] [2023-11-10T09:31:27.037Z] <<< [apiv2][status] GET https://firebase.googleapis.com/v1beta1/projects/speed-trump 200
[debug] [2023-11-10T09:31:27.038Z] <<< [apiv2][body] GET https://firebase.googleapis.com/v1beta1/projects/speed-trump {"projectId":"speed-trump","projectNumber":"647249562549","displayName":"Speed Trump","name":"projects/speed-trump","resources":{"hostingSite":"speed-trump"},"state":"ACTIVE","etag":"1_ba88038f-6e16-4b08-9ca6-90b893c74ce3"}
[info] 
[info] Firebase Realtime Database Security Rules allow you to define how your data should be
[info] structured and when your data can be read from and written to.
[info] 
